<?xml version="1.0" encoding="UTF-8"?>
<testng-results ignored="0" total="1" passed="1" failed="0" skipped="0">
  <reporter-output>
  </reporter-output>
  <suite started-at="2021-04-25T12:54:54 CDT" name="Default suite" finished-at="2021-04-25T12:54:56 CDT" duration-ms="2163">
    <groups>
    </groups>
    <test started-at="2021-04-25T12:54:54 CDT" name="Default test" finished-at="2021-04-25T12:54:56 CDT" duration-ms="2163">
      <class name="Get_Request">
        <test-method signature="employeeDetails()[pri:0, instance:Get_Request@4470f8a6]" started-at="2021-04-25T12:54:54 CDT" name="employeeDetails" finished-at="2021-04-25T12:54:56 CDT" duration-ms="2136" status="PASS">
          <reporter-output>
          </reporter-output>
        </test-method> <!-- employeeDetails -->
      </class> <!-- Get_Request -->
    </test> <!-- Default test -->
  </suite> <!-- Default suite -->
</testng-results>
